


          SolidWorks Corporation - STEP Processor Error Log
          ______________________________________________________

                       STEP Post Processor
                       ___________________


STEP File Name: C:\Users\YBEKTAS\Desktop\Python\Projeler\Attendance\Dokumantasyon\Cizim\Raspberry pi 3 cam V2,1\Cam V2.1 v1.step



Error: Obje tipi desteklenmiyor.
STEP-in baþarýyla tamamlanmadý.

Error: Obje tipi desteklenmiyor.
STEP-in baþarýyla tamamlanmadý.
#5730: Ring edge, vertex snapped onto curve
#5731: Ring edge, vertex snapped onto curve
#5732: Ring edge, vertex snapped onto curve
#5733: Ring edge, vertex snapped onto curve
#5736: Ring edge, vertex snapped onto curve
#5737: Ring edge, vertex snapped onto curve
#5738: Ring edge, vertex snapped onto curve
#5739: Ring edge, vertex snapped onto curve
#5730: Ring edge, vertex snapped onto curve
#5731: Ring edge, vertex snapped onto curve
#5732: Ring edge, vertex snapped onto curve
#5733: Ring edge, vertex snapped onto curve
#5736: Ring edge, vertex snapped onto curve
#5737: Ring edge, vertex snapped onto curve
#5738: Ring edge, vertex snapped onto curve
#5739: Ring edge, vertex snapped onto curve
Yüzeyler baþarýyla bir katý gövdeye iþlendi.
STEP-in tamamlandý.
Error: Kýrpýlmýþ yüzeylerden katý oluþturulamýyor.
STEP-in baþarýyla tamamlanmadý.
